#
# There is insufficient memory for the Java Runtime Environment to continue.
# Native memory allocation (malloc) failed to allocate 1048576 bytes. Error detail: AllocateHeap
# Possible reasons:
#   The system is out of physical RAM or swap space
#   This process is running with CompressedOops enabled, and the Java Heap may be blocking the growth of the native heap
# Possible solutions:
#   Reduce memory load on the system
#   Increase physical memory or swap space
#   Check if swap backing store is full
#   Decrease Java heap size (-Xmx/-Xms)
#   Decrease number of Java threads
#   Decrease Java thread stack sizes (-Xss)
#   Set larger code cache with -XX:ReservedCodeCacheSize=
#   JVM is running with Unscaled Compressed Oops mode in which the Java heap is
#     placed in the first 4GB address space. The Java Heap base address is the
#     maximum limit for the native heap growth. Please use -XX:HeapBaseMinAddress
#     to set the Java Heap base and to place the Java Heap above 4GB virtual address.
# This output file may be truncated or incomplete.
#
#  Out of Memory Error (allocation.cpp:44), pid=27800, tid=20028
#
# JRE version: OpenJDK Runtime Environment Temurin-21.0.10+7 (21.0.10+7) (build 21.0.10+7-LTS)
# Java VM: OpenJDK 64-Bit Server VM Temurin-21.0.10+7 (21.0.10+7-LTS, mixed mode, sharing, tiered, compressed oops, compressed class ptrs, parallel gc, windows-amd64)
# No core dump will be written. Minidumps are not enabled by default on client versions of Windows
#

---------------  S U M M A R Y ------------

Command Line: --add-modules=ALL-SYSTEM --add-opens=java.base/java.util=ALL-UNNAMED --add-opens=java.base/java.lang=ALL-UNNAMED --add-opens=java.base/sun.nio.fs=ALL-UNNAMED -Declipse.application=org.eclipse.jdt.ls.core.id1 -Dosgi.bundles.defaultStartLevel=4 -Declipse.product=org.eclipse.jdt.ls.core.product -Djava.import.generatesMetadataFilesAtProjectRoot=false -DDetectVMInstallationsJob.disabled=true -Dfile.encoding=utf8 -XX:+UseParallelGC -XX:GCTimeRatio=4 -XX:AdaptiveSizePolicyWeight=90 -Dsun.zip.disableMemoryMapping=true -Xmx2G -Xms100m -Xlog:disable -javaagent:c:\Users\Pc\.vscode\extensions\redhat.java-1.54.0-win32-x64\lombok\lombok-1.18.39-4050.jar -XX:+HeapDumpOnOutOfMemoryError -XX:HeapDumpPath=c:\Users\Pc\AppData\Roaming\Code\User\workspaceStorage\67bf8d0c3283009a26d18c27aa08f70d\redhat.java -Daether.dependencyCollector.impl=bf c:\Users\Pc\.vscode\extensions\redhat.java-1.54.0-win32-x64\server\plugins\org.eclipse.equinox.launcher_1.7.100.v20251111-0406.jar -configuration c:\Users\Pc\AppData\Roaming\Code\User\globalStorage\redhat.java\1.54.0\config_win -data c:\Users\Pc\AppData\Roaming\Code\User\workspaceStorage\67bf8d0c3283009a26d18c27aa08f70d\redhat.java\jdt_ws --pipe=\\.\pipe\lsp-ca594330ac8807f1411a2c5b4dc6a2c3-sock

Host: Intel(R) Core(TM) i5-8250U CPU @ 1.60GHz, 8 cores, 15G,  Windows 10 , 64 bit Build 19041 (10.0.19041.5915)
Time: Sun Jun 14 17:44:45 2026 Morocco Daylight Time elapsed time: 61655.623908 seconds (0d 17h 7m 35s)

---------------  T H R E A D  ---------------

Current thread (0x00000207ead3e8f0):  JavaThread "Attach Listener" daemon [_thread_in_vm, id=20028, stack(0x0000003a88600000,0x0000003a88700000) (1024K)]

Stack: [0x0000003a88600000,0x0000003a88700000]
Native frames: (J=compiled Java code, j=interpreted, Vv=VM code, C=native code)
V  [jvm.dll+0x6d7a39]
V  [jvm.dll+0x8b4b26]
V  [jvm.dll+0x8b70de]
V  [jvm.dll+0x8b77c3]
V  [jvm.dll+0x284346]
V  [jvm.dll+0xc1277]
V  [jvm.dll+0x6d82e9]
V  [jvm.dll+0x1334a6]
V  [jvm.dll+0x3f857e]
V  [jvm.dll+0x85f59d]
V  [jvm.dll+0x6d626d]
C  [ucrtbase.dll+0x21bb2]
C  [KERNEL32.DLL+0x17374]
C  [ntdll.dll+0x4cc91]


---------------  P R O C E S S  ---------------

Threads class SMR info:
_java_thread_list=0x00000207cbc824d0, length=34, elements={
0x00000207eadc6750, 0x00000207ead38400, 0x00000207eae7c960, 0x00000207eae7e540,
0x00000207ead3e8f0, 0x00000207ead43460, 0x00000207ead48120, 0x00000207ead49800,
0x00000207ead4abf0, 0x00000207ff1f3b30, 0x00000207ff1f34a0, 0x00000207ff1f2780,
0x00000207ff1f2e10, 0x00000207ff1e3860, 0x00000207ff1ea7f0, 0x00000207ff1e9ad0,
0x00000207ff1e8db0, 0x00000207ff1e8090, 0x00000207ff1eae80, 0x00000207ff1e52a0,
0x00000207ff1e6650, 0x00000207ff1e4580, 0x00000207ff1e4c10, 0x00000207ff1e6ce0,
0x00000207ff1e7370, 0x00000207ff1e7a00, 0x00000207cc04d070, 0x00000207cc04b630,
0x00000207cc04dd90, 0x00000207cc04eab0, 0x00000207cc0504f0, 0x00000207cc051f30,
0x00000207cc04fe60, 0x00000207cc171890
}

Java Threads: ( => current thread )
  0x00000207eadc6750 JavaThread "main"                              [_thread_blocked, id=8412, stack(0x0000003a87f00000,0x0000003a88000000) (1024K)]
  0x00000207ead38400 JavaThread "Reference Handler"          daemon [_thread_blocked, id=30928, stack(0x0000003a88300000,0x0000003a88400000) (1024K)]
  0x00000207eae7c960 JavaThread "Finalizer"                  daemon [_thread_blocked, id=15676, stack(0x0000003a88400000,0x0000003a88500000) (1024K)]
  0x00000207eae7e540 JavaThread "Signal Dispatcher"          daemon [_thread_blocked, id=30292, stack(0x0000003a88500000,0x0000003a88600000) (1024K)]
=>0x00000207ead3e8f0 JavaThread "Attach Listener"            daemon [_thread_in_vm, id=20028, stack(0x0000003a88600000,0x0000003a88700000) (1024K)]
  0x00000207ead43460 JavaThread "Service Thread"             daemon [_thread_blocked, id=27008, stack(0x0000003a88700000,0x0000003a88800000) (1024K)]
  0x00000207ead48120 JavaThread "Monitor Deflation Thread"   daemon [_thread_blocked, id=32856, stack(0x0000003a88800000,0x0000003a88900000) (1024K)]
  0x00000207ead49800 JavaThread "C2 CompilerThread0"         daemon [_thread_blocked, id=20532, stack(0x0000003a88900000,0x0000003a88a00000) (1024K)]
  0x00000207ead4abf0 JavaThread "C1 CompilerThread0"         daemon [_thread_blocked, id=3064, stack(0x0000003a88a00000,0x0000003a88b00000) (1024K)]
  0x00000207ff1f3b30 JavaThread "Common-Cleaner"             daemon [_thread_blocked, id=26832, stack(0x0000003a88b00000,0x0000003a88c00000) (1024K)]
  0x00000207ff1f34a0 JavaThread "Notification Thread"        daemon [_thread_blocked, id=7076, stack(0x0000003a88c00000,0x0000003a88d00000) (1024K)]
  0x00000207ff1f2780 JavaThread "Active Thread: Equinox Container: e9ac0316-7d26-4e96-8d1a-5c3c8f524296"        [_thread_blocked, id=32280, stack(0x0000003a89500000,0x0000003a89600000) (1024K)]
  0x00000207ff1f2e10 JavaThread "Refresh Thread: Equinox Container: e9ac0316-7d26-4e96-8d1a-5c3c8f524296" daemon [_thread_blocked, id=30360, stack(0x0000003a88e00000,0x0000003a88f00000) (1024K)]
  0x00000207ff1e3860 JavaThread "Framework Event Dispatcher: Equinox Container: e9ac0316-7d26-4e96-8d1a-5c3c8f524296" daemon [_thread_blocked, id=26420, stack(0x0000003a89600000,0x0000003a89700000) (1024K)]
  0x00000207ff1ea7f0 JavaThread "Start Level: Equinox Container: e9ac0316-7d26-4e96-8d1a-5c3c8f524296" daemon [_thread_blocked, id=18124, stack(0x0000003a89700000,0x0000003a89800000) (1024K)]
  0x00000207ff1e9ad0 JavaThread "Bundle File Closer"         daemon [_thread_blocked, id=19736, stack(0x0000003a89900000,0x0000003a89a00000) (1024K)]
  0x00000207ff1e8db0 JavaThread "SCR Component Actor"        daemon [_thread_blocked, id=2780, stack(0x0000003a89800000,0x0000003a89900000) (1024K)]
  0x00000207ff1e8090 JavaThread "Worker-JM"                         [_thread_blocked, id=29060, stack(0x0000003a89c00000,0x0000003a89d00000) (1024K)]
  0x00000207ff1eae80 JavaThread "JNA Cleaner"                daemon [_thread_blocked, id=10104, stack(0x0000003a89b00000,0x0000003a89c00000) (1024K)]
  0x00000207ff1e52a0 JavaThread "Java indexing"              daemon [_thread_blocked, id=30356, stack(0x0000003a8a100000,0x0000003a8a200000) (1024K)]
  0x00000207ff1e6650 JavaThread "Worker-3"                          [_thread_blocked, id=16228, stack(0x0000003a8a200000,0x0000003a8a300000) (1024K)]
  0x00000207ff1e4580 JavaThread "Thread-1"                   daemon [_thread_in_native, id=35560, stack(0x0000003a8a600000,0x0000003a8a700000) (1024K)]
  0x00000207ff1e4c10 JavaThread "Thread-2"                   daemon [_thread_in_native, id=22568, stack(0x0000003a8a700000,0x0000003a8a800000) (1024K)]
  0x00000207ff1e6ce0 JavaThread "Thread-3"                   daemon [_thread_in_native, id=6124, stack(0x0000003a8a800000,0x0000003a8a900000) (1024K)]
  0x00000207ff1e7370 JavaThread "Thread-4"                   daemon [_thread_in_native, id=25680, stack(0x0000003a8a900000,0x0000003a8aa00000) (1024K)]
  0x00000207ff1e7a00 JavaThread "Thread-5"                   daemon [_thread_in_native, id=31444, stack(0x0000003a8aa00000,0x0000003a8ab00000) (1024K)]
  0x00000207cc04d070 JavaThread "Thread-6"                   daemon [_thread_in_native, id=20628, stack(0x0000003a8ab00000,0x0000003a8ac00000) (1024K)]
  0x00000207cc04b630 JavaThread "Thread-7"                   daemon [_thread_in_native, id=23768, stack(0x0000003a8ac00000,0x0000003a8ad00000) (1024K)]
  0x00000207cc04dd90 JavaThread "Thread-8"                   daemon [_thread_in_native, id=8784, stack(0x0000003a8ad00000,0x0000003a8ae00000) (1024K)]
  0x00000207cc04eab0 JavaThread "Thread-9"                   daemon [_thread_in_native, id=35340, stack(0x0000003a8ae00000,0x0000003a8af00000) (1024K)]
  0x00000207cc0504f0 JavaThread "pool-2-thread-1"                   [_thread_blocked, id=33688, stack(0x0000003a8af00000,0x0000003a8b000000) (1024K)]
  0x00000207cc051f30 JavaThread "WorkspaceEventsHandler"            [_thread_blocked, id=28504, stack(0x0000003a8b000000,0x0000003a8b100000) (1024K)]
  0x00000207cc04fe60 JavaThread "pool-1-thread-1"                   [_thread_blocked, id=17888, stack(0x0000003a8b100000,0x0000003a8b200000) (1024K)]
  0x00000207cc171890 JavaThread "Worker-5"                          [_thread_blocked, id=18948, stack(0x0000003a87d00000,0x0000003a87e00000) (1024K)]
Total: 34

Other Threads:
  0x00000207eae65a20 VMThread "VM Thread"                           [id=28620, stack(0x0000003a88200000,0x0000003a88300000) (1024K)]
  0x00000207eae318c0 WatcherThread "VM Periodic Task Thread"        [id=22060, stack(0x0000003a88100000,0x0000003a88200000) (1024K)]
  0x00000207eade34e0 WorkerThread "GC Thread#0"                     [id=14700, stack(0x0000003a88000000,0x0000003a88100000) (1024K)]
  0x00000207c9054070 WorkerThread "GC Thread#1"                     [id=20284, stack(0x0000003a88f00000,0x0000003a89000000) (1024K)]
  0x00000207c9222330 WorkerThread "GC Thread#2"                     [id=31672, stack(0x0000003a89000000,0x0000003a89100000) (1024K)]
  0x00000207c92226e0 WorkerThread "GC Thread#3"                     [id=21220, stack(0x0000003a89100000,0x0000003a89200000) (1024K)]
  0x00000207c9222a90 WorkerThread "GC Thread#4"                     [id=6444, stack(0x0000003a89200000,0x0000003a89300000) (1024K)]
  0x00000207ff354f20 WorkerThread "GC Thread#5"                     [id=18424, stack(0x0000003a89300000,0x0000003a89400000) (1024K)]
  0x00000207ff3552d0 WorkerThread "GC Thread#6"                     [id=13680, stack(0x0000003a89400000,0x0000003a89500000) (1024K)]
  0x00000207ead6e620 WorkerThread "GC Thread#7"                     [id=24348, stack(0x0000003a88d00000,0x0000003a88e00000) (1024K)]
Total: 10

Threads with active compile tasks:
Total: 0

VM state: not at safepoint (normal execution)

VM Mutex/Monitor currently owned by a thread: None

Heap address: 0x0000000080000000, size: 2048 MB, Compressed Oops mode: 32-bit

CDS archive(s) mapped at: [0x0000020784000000-0x0000020784ba0000-0x0000020784ba0000), size 12189696, SharedBaseAddress: 0x0000020784000000, ArchiveRelocationMode: 1.
Compressed class space mapped at: 0x0000020785000000-0x00000207c5000000, reserved size: 1073741824
Narrow klass base: 0x0000020784000000, Narrow klass shift: 0, Narrow klass range: 0x100000000

GC Precious Log:
 CardTable entry size: 512
 CPUs: 8 total, 8 available
 Memory: 16243M
 Large Page Support: Disabled
 NUMA Support: Disabled
 Compressed Oops: Enabled (32-bit)
 Alignments: Space 512K, Generation 512K, Heap 2M
 Heap Min Capacity: 100M
 Heap Initial Capacity: 100M
 Heap Max Capacity: 2G
 Pre-touch: Disabled
 Parallel Workers: 8

Heap:
 PSYoungGen      total 9216K, used 7816K [0x00000000d5580000, 0x00000000d6f80000, 0x0000000100000000)
  eden space 5120K, 72% used [0x00000000d5580000,0x00000000d5924ff0,0x00000000d5a80000)
  from space 4096K, 99% used [0x00000000d6480000,0x00000000d687d258,0x00000000d6880000)
  to   space 10240K, 0% used [0x00000000d5a80000,0x00000000d5a80000,0x00000000d6480000)
 ParOldGen       total 312832K, used 312320K [0x0000000080000000, 0x0000000093180000, 0x00000000d5580000)
  object space 312832K, 99% used [0x0000000080000000,0x00000000931002f0,0x0000000093180000)
 Metaspace       used 72297K, committed 73792K, reserved 1179648K
  class space    used 7627K, committed 8256K, reserved 1048576K

Card table byte_map: [0x00000207ea760000,0x00000207eab70000] _byte_map_base: 0x00000207ea360000

Marking Bits: (ParMarkBitMap*) 0x00007fffa7643450
 Begin Bits: [0x0000020780000000, 0x0000020782000000)
 End Bits:   [0x0000020782000000, 0x0000020784000000)

Polling page: 0x00000207e8be0000

Metaspace:

Usage:
  Non-class:     63.15 MB used.
      Class:      7.45 MB used.
       Both:     70.60 MB used.

Virtual space:
  Non-class space:      128.00 MB reserved,      64.00 MB ( 50%) committed,  2 nodes.
      Class space:        1.00 GB reserved,       8.06 MB ( <1%) committed,  1 nodes.
             Both:        1.12 GB reserved,      72.06 MB (  6%) committed. 

Chunk freelists:
   Non-Class:  15.89 MB
       Class:  7.95 MB
        Both:  23.84 MB

MaxMetaspaceSize: unlimited
CompressedClassSpaceSize: 1.00 GB
Initial GC threshold: 21.00 MB
Current GC threshold: 97.31 MB
CDS: on
 - commit_granule_bytes: 65536.
 - commit_granule_words: 8192.
 - virtual_space_node_default_size: 8388608.
 - enlarge_chunks_in_place: 1.
 - use_allocation_guard: 0.


Internal statistics:

num_allocs_failed_limit: 9.
num_arena_births: 1268.
num_arena_deaths: 14.
num_vsnodes_births: 3.
num_vsnodes_deaths: 0.
num_space_committed: 1153.
num_space_uncommitted: 0.
num_chunks_returned_to_freelist: 23.
num_chunks_taken_from_freelist: 4656.
num_chunk_merges: 8.
num_chunk_splits: 2751.
num_chunks_enlarged: 1423.
num_inconsistent_stats: 0.

CodeHeap 'non-profiled nmethods': size=120000Kb used=10063Kb max_used=10063Kb free=109936Kb
 bounds [0x00000207f5a90000, 0x00000207f6470000, 0x00000207fcfc0000]
CodeHeap 'profiled nmethods': size=120000Kb used=30427Kb max_used=30427Kb free=89573Kb
 bounds [0x00000207edfc0000, 0x00000207efd80000, 0x00000207f54f0000]
CodeHeap 'non-nmethods': size=5760Kb used=1484Kb max_used=1617Kb free=4275Kb
 bounds [0x00000207f54f0000, 0x00000207f5760000, 0x00000207f5a90000]
CodeCache: size=245760Kb, used=41974Kb, max_used=42107Kb, free=203784Kb
 total_blobs=13877, nmethods=13079, adapters=702, full_count=0
Compilation: enabled, stopped_count=0, restarted_count=0

Compilation events (20 events):
Event: 1119.039 Thread 0x00000207ead4abf0 13901       3       java.util.concurrent.ScheduledThreadPoolExecutor$DelayedWorkQueue::take (5 bytes)
Event: 1119.039 Thread 0x00000207ead4abf0 nmethod 13901 0x00000207efd73910 code [0x00000207efd73ac0, 0x00000207efd73c18]
Event: 1129.040 Thread 0x00000207ead4abf0 13903       3       java.util.concurrent.ScheduledThreadPoolExecutor::triggerTime (22 bytes)
Event: 1129.041 Thread 0x00000207ead4abf0 nmethod 13903 0x00000207efd73d10 code [0x00000207efd73ec0, 0x00000207efd740a0]
Event: 1129.041 Thread 0x00000207ead4abf0 13904       3       java.util.concurrent.ScheduledThreadPoolExecutor$DelayedWorkQueue::add (9 bytes)
Event: 1129.041 Thread 0x00000207ead4abf0 nmethod 13904 0x00000207efd74190 code [0x00000207efd74360, 0x00000207efd74638]
Event: 1129.041 Thread 0x00000207ead4abf0 13905       3       java.util.concurrent.ScheduledThreadPoolExecutor$DelayedWorkQueue::add (6 bytes)
Event: 1129.042 Thread 0x00000207ead4abf0 nmethod 13905 0x00000207efd74710 code [0x00000207efd748c0, 0x00000207efd74a18]
Event: 1149.051 Thread 0x00000207ead4abf0 13906       3       java.util.concurrent.ScheduledThreadPoolExecutor$ScheduledFutureTask::run (57 bytes)
Event: 1149.053 Thread 0x00000207ead4abf0 nmethod 13906 0x00000207efd74b10 code [0x00000207efd74d40, 0x00000207efd752b0]
Event: 1159.060 Thread 0x00000207ead4abf0 13907       3       java.util.concurrent.locks.AbstractQueuedSynchronizer$ConditionObject::unlinkCancelledWaiters (91 bytes)
Event: 1159.061 Thread 0x00000207ead4abf0 nmethod 13907 0x00000207efd75490 code [0x00000207efd75640, 0x00000207efd759d0]
Event: 1235.882 Thread 0x00000207ead4abf0 13908       3       org.eclipse.core.internal.dtree.DataTreeNode::storeStrings (28 bytes)
Event: 1235.884 Thread 0x00000207ead4abf0 nmethod 13908 0x00000207efd75b10 code [0x00000207efd75ce0, 0x00000207efd76160]
Event: 1235.884 Thread 0x00000207ead4abf0 13909       3       org.eclipse.core.internal.resources.ResourceInfo::shareStrings (43 bytes)
Event: 1235.885 Thread 0x00000207ead4abf0 nmethod 13909 0x00000207efd76290 code [0x00000207efd76460, 0x00000207efd76728]
Event: 1235.885 Thread 0x00000207ead4abf0 13910       3       java.util.HashMap$Node::setValue (12 bytes)
Event: 1235.885 Thread 0x00000207ead4abf0 nmethod 13910 0x00000207efd76890 code [0x00000207efd76a20, 0x00000207efd76b48]
Event: 12117.430 Thread 0x00000207ead4abf0 13911       1       org.eclipse.jdt.ls.core.internal.LanguageServerApplication::getParentProcessId (5 bytes)
Event: 12117.431 Thread 0x00000207ead4abf0 nmethod 13911 0x00000207f6463b90 code [0x00000207f6463d20, 0x00000207f6463de8]

GC Heap History (20 events):
Event: 694.954 GC heap before
{Heap before GC invocations=234 (full 3):
 PSYoungGen      total 5120K, used 4725K [0x00000000d5580000, 0x00000000d5e00000, 0x0000000100000000)
  eden space 2560K, 100% used [0x00000000d5580000,0x00000000d5800000,0x00000000d5800000)
  from space 2560K, 84% used [0x00000000d5b80000,0x00000000d5d9d678,0x00000000d5e00000)
  to   space 2560K, 0% used [0x00000000d5900000,0x00000000d5900000,0x00000000d5b80000)
 ParOldGen       total 246272K, used 246234K [0x0000000080000000, 0x000000008f080000, 0x00000000d5580000)
  object space 246272K, 99% used [0x0000000080000000,0x000000008f0768f8,0x000000008f080000)
 Metaspace       used 72060K, committed 73600K, reserved 1114112K
  class space    used 7627K, committed 8256K, reserved 1048576K
}
Event: 694.958 GC heap after
{Heap after GC invocations=234 (full 3):
 PSYoungGen      total 5632K, used 2532K [0x00000000d5580000, 0x00000000d6280000, 0x0000000100000000)
  eden space 3072K, 0% used [0x00000000d5580000,0x00000000d5580000,0x00000000d5880000)
  from space 2560K, 98% used [0x00000000d5900000,0x00000000d5b79358,0x00000000d5b80000)
  to   space 5120K, 0% used [0x00000000d5d80000,0x00000000d5d80000,0x00000000d6280000)
 ParOldGen       total 248832K, used 248337K [0x0000000080000000, 0x000000008f300000, 0x00000000d5580000)
  object space 248832K, 99% used [0x0000000080000000,0x000000008f284490,0x000000008f300000)
 Metaspace       used 72060K, committed 73600K, reserved 1114112K
  class space    used 7627K, committed 8256K, reserved 1048576K
}
Event: 694.966 GC heap before
{Heap before GC invocations=235 (full 3):
 PSYoungGen      total 5632K, used 5604K [0x00000000d5580000, 0x00000000d6280000, 0x0000000100000000)
  eden space 3072K, 100% used [0x00000000d5580000,0x00000000d5880000,0x00000000d5880000)
  from space 2560K, 98% used [0x00000000d5900000,0x00000000d5b79358,0x00000000d5b80000)
  to   space 5120K, 0% used [0x00000000d5d80000,0x00000000d5d80000,0x00000000d6280000)
 ParOldGen       total 248832K, used 248337K [0x0000000080000000, 0x000000008f300000, 0x00000000d5580000)
  object space 248832K, 99% used [0x0000000080000000,0x000000008f284490,0x000000008f300000)
 Metaspace       used 72060K, committed 73600K, reserved 1114112K
  class space    used 7627K, committed 8256K, reserved 1048576K
}
Event: 694.979 GC heap after
{Heap after GC invocations=235 (full 3):
 PSYoungGen      total 8192K, used 3099K [0x00000000d5580000, 0x00000000d6180000, 0x0000000100000000)
  eden space 4096K, 0% used [0x00000000d5580000,0x00000000d5580000,0x00000000d5980000)
  from space 4096K, 75% used [0x00000000d5d80000,0x00000000d6086c60,0x00000000d6180000)
  to   space 4096K, 0% used [0x00000000d5980000,0x00000000d5980000,0x00000000d5d80000)
 ParOldGen       total 250880K, used 250836K [0x0000000080000000, 0x000000008f500000, 0x00000000d5580000)
  object space 250880K, 99% used [0x0000000080000000,0x000000008f4f51f8,0x000000008f500000)
 Metaspace       used 72060K, committed 73600K, reserved 1114112K
  class space    used 7627K, committed 8256K, reserved 1048576K
}
Event: 695.024 GC heap before
{Heap before GC invocations=236 (full 3):
 PSYoungGen      total 8192K, used 7195K [0x00000000d5580000, 0x00000000d6180000, 0x0000000100000000)
  eden space 4096K, 99% used [0x00000000d5580000,0x00000000d597ffd0,0x00000000d5980000)
  from space 4096K, 75% used [0x00000000d5d80000,0x00000000d6086c60,0x00000000d6180000)
  to   space 4096K, 0% used [0x00000000d5980000,0x00000000d5980000,0x00000000d5d80000)
 ParOldGen       total 250880K, used 250836K [0x0000000080000000, 0x000000008f500000, 0x00000000d5580000)
  object space 250880K, 99% used [0x0000000080000000,0x000000008f4f51f8,0x000000008f500000)
 Metaspace       used 72060K, committed 73600K, reserved 1114112K
  class space    used 7627K, committed 8256K, reserved 1048576K
}
Event: 695.030 GC heap after
{Heap after GC invocations=236 (full 3):
 PSYoungGen      total 8192K, used 4014K [0x00000000d5580000, 0x00000000d6380000, 0x0000000100000000)
  eden space 4096K, 0% used [0x00000000d5580000,0x00000000d5580000,0x00000000d5980000)
  from space 4096K, 97% used [0x00000000d5980000,0x00000000d5d6b800,0x00000000d5d80000)
  to   space 4608K, 0% used [0x00000000d5f00000,0x00000000d5f00000,0x00000000d6380000)
 ParOldGen       total 253952K, used 253840K [0x0000000080000000, 0x000000008f800000, 0x00000000d5580000)
  object space 253952K, 99% used [0x0000000080000000,0x000000008f7e4330,0x000000008f800000)
 Metaspace       used 72060K, committed 73600K, reserved 1114112K
  class space    used 7627K, committed 8256K, reserved 1048576K
}
Event: 695.085 GC heap before
{Heap before GC invocations=237 (full 3):
 PSYoungGen      total 8192K, used 8110K [0x00000000d5580000, 0x00000000d6380000, 0x0000000100000000)
  eden space 4096K, 100% used [0x00000000d5580000,0x00000000d5980000,0x00000000d5980000)
  from space 4096K, 97% used [0x00000000d5980000,0x00000000d5d6b800,0x00000000d5d80000)
  to   space 4608K, 0% used [0x00000000d5f00000,0x00000000d5f00000,0x00000000d6380000)
 ParOldGen       total 253952K, used 253840K [0x0000000080000000, 0x000000008f800000, 0x00000000d5580000)
  object space 253952K, 99% used [0x0000000080000000,0x000000008f7e4330,0x000000008f800000)
 Metaspace       used 72064K, committed 73600K, reserved 1114112K
  class space    used 7627K, committed 8256K, reserved 1048576K
}
Event: 695.092 GC heap after
{Heap after GC invocations=237 (full 3):
 PSYoungGen      total 7680K, used 2400K [0x00000000d5580000, 0x00000000d6180000, 0x0000000100000000)
  eden space 5120K, 0% used [0x00000000d5580000,0x00000000d5580000,0x00000000d5a80000)
  from space 2560K, 93% used [0x00000000d5f00000,0x00000000d6158000,0x00000000d6180000)
  to   space 3072K, 0% used [0x00000000d5b80000,0x00000000d5b80000,0x00000000d5e80000)
 ParOldGen       total 257536K, used 257365K [0x0000000080000000, 0x000000008fb80000, 0x00000000d5580000)
  object space 257536K, 99% used [0x0000000080000000,0x000000008fb55700,0x000000008fb80000)
 Metaspace       used 72064K, committed 73600K, reserved 1114112K
  class space    used 7627K, committed 8256K, reserved 1048576K
}
Event: 695.182 GC heap before
{Heap before GC invocations=238 (full 3):
 PSYoungGen      total 7680K, used 7520K [0x00000000d5580000, 0x00000000d6180000, 0x0000000100000000)
  eden space 5120K, 100% used [0x00000000d5580000,0x00000000d5a80000,0x00000000d5a80000)
  from space 2560K, 93% used [0x00000000d5f00000,0x00000000d6158000,0x00000000d6180000)
  to   space 3072K, 0% used [0x00000000d5b80000,0x00000000d5b80000,0x00000000d5e80000)
 ParOldGen       total 257536K, used 257365K [0x0000000080000000, 0x000000008fb80000, 0x00000000d5580000)
  object space 257536K, 99% used [0x0000000080000000,0x000000008fb55700,0x000000008fb80000)
 Metaspace       used 72125K, committed 73664K, reserved 1114112K
  class space    used 7627K, committed 8256K, reserved 1048576K
}
Event: 695.191 GC heap after
{Heap after GC invocations=238 (full 3):
 PSYoungGen      total 9216K, used 3072K [0x00000000d5580000, 0x00000000d6580000, 0x0000000100000000)
  eden space 6144K, 0% used [0x00000000d5580000,0x00000000d5580000,0x00000000d5b80000)
  from space 3072K, 100% used [0x00000000d5b80000,0x00000000d5e80000,0x00000000d5e80000)
  to   space 5120K, 0% used [0x00000000d6080000,0x00000000d6080000,0x00000000d6580000)
 ParOldGen       total 259072K, used 258965K [0x0000000080000000, 0x000000008fd00000, 0x00000000d5580000)
  object space 259072K, 99% used [0x0000000080000000,0x000000008fce5700,0x000000008fd00000)
 Metaspace       used 72125K, committed 73664K, reserved 1114112K
  class space    used 7627K, committed 8256K, reserved 1048576K
}
Event: 695.303 GC heap before
{Heap before GC invocations=239 (full 3):
 PSYoungGen      total 9216K, used 9216K [0x00000000d5580000, 0x00000000d6580000, 0x0000000100000000)
  eden space 6144K, 100% used [0x00000000d5580000,0x00000000d5b80000,0x00000000d5b80000)
  from space 3072K, 100% used [0x00000000d5b80000,0x00000000d5e80000,0x00000000d5e80000)
  to   space 5120K, 0% used [0x00000000d6080000,0x00000000d6080000,0x00000000d6580000)
 ParOldGen       total 290816K, used 289685K [0x0000000080000000, 0x0000000091c00000, 0x00000000d5580000)
  object space 290816K, 99% used [0x0000000080000000,0x0000000091ae5730,0x0000000091c00000)
 Metaspace       used 72154K, committed 73664K, reserved 1114112K
  class space    used 7627K, committed 8256K, reserved 1048576K
}
Event: 695.310 GC heap after
{Heap after GC invocations=239 (full 3):
 PSYoungGen      total 11264K, used 4580K [0x00000000d5580000, 0x00000000d6580000, 0x0000000100000000)
  eden space 6144K, 0% used [0x00000000d5580000,0x00000000d5580000,0x00000000d5b80000)
  from space 5120K, 89% used [0x00000000d6080000,0x00000000d64f9170,0x00000000d6580000)
  to   space 5120K, 0% used [0x00000000d5b80000,0x00000000d5b80000,0x00000000d6080000)
 ParOldGen       total 292864K, used 292771K [0x0000000080000000, 0x0000000091e00000, 0x00000000d5580000)
  object space 292864K, 99% used [0x0000000080000000,0x0000000091de8ff8,0x0000000091e00000)
 Metaspace       used 72154K, committed 73664K, reserved 1114112K
  class space    used 7627K, committed 8256K, reserved 1048576K
}
Event: 695.361 GC heap before
{Heap before GC invocations=240 (full 3):
 PSYoungGen      total 11264K, used 10724K [0x00000000d5580000, 0x00000000d6580000, 0x0000000100000000)
  eden space 6144K, 100% used [0x00000000d5580000,0x00000000d5b80000,0x00000000d5b80000)
  from space 5120K, 89% used [0x00000000d6080000,0x00000000d64f9170,0x00000000d6580000)
  to   space 5120K, 0% used [0x00000000d5b80000,0x00000000d5b80000,0x00000000d6080000)
 ParOldGen       total 292864K, used 292771K [0x0000000080000000, 0x0000000091e00000, 0x00000000d5580000)
  object space 292864K, 99% used [0x0000000080000000,0x0000000091de8ff8,0x0000000091e00000)
 Metaspace       used 72154K, committed 73664K, reserved 1114112K
  class space    used 7627K, committed 8256K, reserved 1048576K
}
Event: 695.371 GC heap after
{Heap after GC invocations=240 (full 3):
 PSYoungGen      total 11264K, used 5120K [0x00000000d5580000, 0x00000000d7480000, 0x0000000100000000)
  eden space 6144K, 0% used [0x00000000d5580000,0x00000000d5580000,0x00000000d5b80000)
  from space 5120K, 100% used [0x00000000d5b80000,0x00000000d6080000,0x00000000d6080000)
  to   space 12800K, 0% used [0x00000000d6800000,0x00000000d6800000,0x00000000d7480000)
 ParOldGen       total 299008K, used 298908K [0x0000000080000000, 0x0000000092400000, 0x00000000d5580000)
  object space 299008K, 99% used [0x0000000080000000,0x00000000923e72d8,0x0000000092400000)
 Metaspace       used 72154K, committed 73664K, reserved 1114112K
  class space    used 7627K, committed 8256K, reserved 1048576K
}
Event: 695.522 GC heap before
{Heap before GC invocations=241 (full 3):
 PSYoungGen      total 11264K, used 11264K [0x00000000d5580000, 0x00000000d7480000, 0x0000000100000000)
  eden space 6144K, 100% used [0x00000000d5580000,0x00000000d5b80000,0x00000000d5b80000)
  from space 5120K, 100% used [0x00000000d5b80000,0x00000000d6080000,0x00000000d6080000)
  to   space 12800K, 0% used [0x00000000d6800000,0x00000000d6800000,0x00000000d7480000)
 ParOldGen       total 299008K, used 298908K [0x0000000080000000, 0x0000000092400000, 0x00000000d5580000)
  object space 299008K, 99% used [0x0000000080000000,0x00000000923e72d8,0x0000000092400000)
 Metaspace       used 72176K, committed 73664K, reserved 1114112K
  class space    used 7627K, committed 8256K, reserved 1048576K
}
Event: 695.531 GC heap after
{Heap after GC invocations=241 (full 3):
 PSYoungGen      total 9728K, used 3102K [0x00000000d5580000, 0x00000000d6b80000, 0x0000000100000000)
  eden space 6144K, 0% used [0x00000000d5580000,0x00000000d5580000,0x00000000d5b80000)
  from space 3584K, 86% used [0x00000000d6800000,0x00000000d6b07b80,0x00000000d6b80000)
  to   space 6144K, 0% used [0x00000000d5f80000,0x00000000d5f80000,0x00000000d6580000)
 ParOldGen       total 304128K, used 304044K [0x0000000080000000, 0x0000000092900000, 0x00000000d5580000)
  object space 304128K, 99% used [0x0000000080000000,0x00000000928eb2d8,0x0000000092900000)
 Metaspace       used 72176K, committed 73664K, reserved 1114112K
  class space    used 7627K, committed 8256K, reserved 1048576K
}
Event: 695.576 GC heap before
{Heap before GC invocations=242 (full 3):
 PSYoungGen      total 9728K, used 9240K [0x00000000d5580000, 0x00000000d6b80000, 0x0000000100000000)
  eden space 6144K, 99% used [0x00000000d5580000,0x00000000d5b7e4d0,0x00000000d5b80000)
  from space 3584K, 86% used [0x00000000d6800000,0x00000000d6b07b80,0x00000000d6b80000)
  to   space 6144K, 0% used [0x00000000d5f80000,0x00000000d5f80000,0x00000000d6580000)
 ParOldGen       total 304128K, used 304044K [0x0000000080000000, 0x0000000092900000, 0x00000000d5580000)
  object space 304128K, 99% used [0x0000000080000000,0x00000000928eb2d8,0x0000000092900000)
 Metaspace       used 72176K, committed 73664K, reserved 1114112K
  class space    used 7627K, committed 8256K, reserved 1048576K
}
Event: 695.581 GC heap after
{Heap after GC invocations=242 (full 3):
 PSYoungGen      total 11264K, used 5031K [0x00000000d5580000, 0x00000000d6880000, 0x0000000100000000)
  eden space 6144K, 0% used [0x00000000d5580000,0x00000000d5580000,0x00000000d5b80000)
  from space 5120K, 98% used [0x00000000d5f80000,0x00000000d6469c40,0x00000000d6480000)
  to   space 4096K, 0% used [0x00000000d6480000,0x00000000d6480000,0x00000000d6880000)
 ParOldGen       total 307200K, used 307112K [0x0000000080000000, 0x0000000092c00000, 0x00000000d5580000)
  object space 307200K, 99% used [0x0000000080000000,0x0000000092bea228,0x0000000092c00000)
 Metaspace       used 72176K, committed 73664K, reserved 1114112K
  class space    used 7627K, committed 8256K, reserved 1048576K
}
Event: 695.632 GC heap before
{Heap before GC invocations=243 (full 3):
 PSYoungGen      total 11264K, used 11175K [0x00000000d5580000, 0x00000000d6880000, 0x0000000100000000)
  eden space 6144K, 100% used [0x00000000d5580000,0x00000000d5b80000,0x00000000d5b80000)
  from space 5120K, 98% used [0x00000000d5f80000,0x00000000d6469c40,0x00000000d6480000)
  to   space 4096K, 0% used [0x00000000d6480000,0x00000000d6480000,0x00000000d6880000)
 ParOldGen       total 307200K, used 307112K [0x0000000080000000, 0x0000000092c00000, 0x00000000d5580000)
  object space 307200K, 99% used [0x0000000080000000,0x0000000092bea228,0x0000000092c00000)
 Metaspace       used 72193K, committed 73728K, reserved 1179648K
  class space    used 7627K, committed 8256K, reserved 1048576K
}
Event: 695.637 GC heap after
{Heap after GC invocations=243 (full 3):
 PSYoungGen      total 9216K, used 4084K [0x00000000d5580000, 0x00000000d6f80000, 0x0000000100000000)
  eden space 5120K, 0% used [0x00000000d5580000,0x00000000d5580000,0x00000000d5a80000)
  from space 4096K, 99% used [0x00000000d6480000,0x00000000d687d258,0x00000000d6880000)
  to   space 10240K, 0% used [0x00000000d5a80000,0x00000000d5a80000,0x00000000d6480000)
 ParOldGen       total 312832K, used 312320K [0x0000000080000000, 0x0000000093180000, 0x00000000d5580000)
  object space 312832K, 99% used [0x0000000080000000,0x00000000931002f0,0x0000000093180000)
 Metaspace       used 72193K, committed 73728K, reserved 1179648K
  class space    used 7627K, committed 8256K, reserved 1048576K
}

Dll operation events (12 events):
Event: 0.083 Loaded shared library c:\Users\Pc\.vscode\extensions\redhat.java-1.54.0-win32-x64\jre\21.0.10-win32-x86_64\bin\java.dll
Event: 0.176 Loaded shared library c:\Users\Pc\.vscode\extensions\redhat.java-1.54.0-win32-x64\jre\21.0.10-win32-x86_64\bin\zip.dll
Event: 0.221 Loaded shared library C:\Users\Pc\.vscode\extensions\redhat.java-1.54.0-win32-x64\jre\21.0.10-win32-x86_64\bin\instrument.dll
Event: 0.324 Loaded shared library C:\Users\Pc\.vscode\extensions\redhat.java-1.54.0-win32-x64\jre\21.0.10-win32-x86_64\bin\net.dll
Event: 0.438 Loaded shared library C:\Users\Pc\.vscode\extensions\redhat.java-1.54.0-win32-x64\jre\21.0.10-win32-x86_64\bin\nio.dll
Event: 0.447 Loaded shared library C:\Users\Pc\.vscode\extensions\redhat.java-1.54.0-win32-x64\jre\21.0.10-win32-x86_64\bin\zip.dll
Event: 0.477 Loaded shared library C:\Users\Pc\.vscode\extensions\redhat.java-1.54.0-win32-x64\jre\21.0.10-win32-x86_64\bin\jimage.dll
Event: 0.697 Loaded shared library c:\Users\Pc\.vscode\extensions\redhat.java-1.54.0-win32-x64\jre\21.0.10-win32-x86_64\bin\verify.dll
Event: 21.923 Loaded shared library C:\Users\Pc\AppData\Roaming\Code\User\globalStorage\redhat.java\1.54.0\config_win\org.eclipse.equinox.launcher\org.eclipse.equinox.launcher.win32.win32.x86_64_1.3.0.v20260203-2149\eclipse_11919.dll
Event: 35.768 Loaded shared library C:\Users\Pc\AppData\Local\Temp\jna-2579\jna9038666574788251537.dll
Event: 38.745 Loaded shared library C:\Users\Pc\.vscode\extensions\redhat.java-1.54.0-win32-x64\jre\21.0.10-win32-x86_64\bin\sunmscapi.dll
Event: 39.008 Loaded shared library C:\Users\Pc\.vscode\extensions\redhat.java-1.54.0-win32-x64\jre\21.0.10-win32-x86_64\bin\extnet.dll

Deoptimization events (20 events):
Event: 695.163 Thread 0x00000207cc171890 Uncommon trap: trap_request=0xffffffc6 fr.pc=0x00000207f5fec144 relative=0x00000000000000a4
Event: 695.163 Thread 0x00000207cc171890 Uncommon trap: reason=bimorphic_or_optimized_type_check action=maybe_recompile pc=0x00000207f5fec144 method=java.util.Collections$UnmodifiableMap$UnmodifiableEntrySet$1.hasNext()Z @ 4 c2
Event: 695.163 Thread 0x00000207cc171890 DEOPT PACKING pc=0x00000207f5fec144 sp=0x0000003a87dfe670
Event: 695.163 Thread 0x00000207cc171890 DEOPT UNPACKING pc=0x00000207f5543aa2 sp=0x0000003a87dfe5f8 mode 2
Event: 695.511 Thread 0x00000207ff1e52a0 Uncommon trap: trap_request=0xffffffc6 fr.pc=0x00000207f63c046c relative=0x0000000000000e2c
Event: 695.511 Thread 0x00000207ff1e52a0 Uncommon trap: reason=bimorphic_or_optimized_type_check action=maybe_recompile pc=0x00000207f63c046c method=org.eclipse.jdt.internal.compiler.parser.Parser.consumeToken(Lorg/eclipse/jdt/internal/compiler/parser/TerminalToken;)V @ 1862 c2
Event: 695.511 Thread 0x00000207ff1e52a0 DEOPT PACKING pc=0x00000207f63c046c sp=0x0000003a8a1fedf0
Event: 695.511 Thread 0x00000207ff1e52a0 DEOPT UNPACKING pc=0x00000207f5543aa2 sp=0x0000003a8a1fed98 mode 2
Event: 695.511 Thread 0x00000207ff1e52a0 Uncommon trap: trap_request=0xffffffc6 fr.pc=0x00000207f63c046c relative=0x0000000000000e2c
Event: 695.511 Thread 0x00000207ff1e52a0 Uncommon trap: reason=bimorphic_or_optimized_type_check action=maybe_recompile pc=0x00000207f63c046c method=org.eclipse.jdt.internal.compiler.parser.Parser.consumeToken(Lorg/eclipse/jdt/internal/compiler/parser/TerminalToken;)V @ 1862 c2
Event: 695.511 Thread 0x00000207ff1e52a0 DEOPT PACKING pc=0x00000207f63c046c sp=0x0000003a8a1fedf0
Event: 695.511 Thread 0x00000207ff1e52a0 DEOPT UNPACKING pc=0x00000207f5543aa2 sp=0x0000003a8a1fed98 mode 2
Event: 947.180 Thread 0x00000207cc171890 Uncommon trap: trap_request=0xffffff45 fr.pc=0x00000207f5bace14 relative=0x0000000000000ab4
Event: 947.180 Thread 0x00000207cc171890 Uncommon trap: reason=unstable_if action=reinterpret pc=0x00000207f5bace14 method=java.io.DataOutputStream.writeUTF(Ljava/lang/String;Ljava/io/DataOutput;)I @ 101 c2
Event: 947.180 Thread 0x00000207cc171890 DEOPT PACKING pc=0x00000207f5bace14 sp=0x0000003a87dfeb00
Event: 947.181 Thread 0x00000207cc171890 DEOPT UNPACKING pc=0x00000207f5543aa2 sp=0x0000003a87dfeab0 mode 2
Event: 947.185 Thread 0x00000207cc171890 Uncommon trap: trap_request=0xffffff45 fr.pc=0x00000207f62eb968 relative=0x00000000000001a8
Event: 947.185 Thread 0x00000207cc171890 Uncommon trap: reason=unstable_if action=reinterpret pc=0x00000207f62eb968 method=java.io.ObjectOutputStream$HandleTable.lookup(Ljava/lang/Object;)I @ 4 c2
Event: 947.185 Thread 0x00000207cc171890 DEOPT PACKING pc=0x00000207f62eb968 sp=0x0000003a87dfea30
Event: 947.185 Thread 0x00000207cc171890 DEOPT UNPACKING pc=0x00000207f5543aa2 sp=0x0000003a87dfe9c0 mode 2

Classes loaded (20 events):
Event: 336.863 Loading class java/util/function/LongFunction
Event: 336.863 Loading class java/util/function/LongFunction done
Event: 336.864 Loading class java/util/stream/Nodes$ConcNode
Event: 336.864 Loading class java/util/stream/Nodes$AbstractConcNode
Event: 336.864 Loading class java/util/stream/Nodes$AbstractConcNode done
Event: 336.864 Loading class java/util/stream/Nodes$ConcNode done
Event: 336.898 Loading class java/io/ObjectOutputStream$BlockDataOutputStream
Event: 336.899 Loading class java/io/ObjectOutputStream$BlockDataOutputStream done
Event: 336.899 Loading class java/io/ObjectOutputStream$HandleTable
Event: 336.900 Loading class java/io/ObjectOutputStream$HandleTable done
Event: 336.900 Loading class java/io/ObjectOutputStream$ReplaceTable
Event: 336.901 Loading class java/io/ObjectOutputStream$ReplaceTable done
Event: 336.904 Loading class java/nio/charset/CharacterCodingException
Event: 336.905 Loading class java/nio/charset/CharacterCodingException done
Event: 647.128 Loading class java/io/SequenceInputStream
Event: 647.129 Loading class java/io/SequenceInputStream done
Event: 648.195 Loading class java/nio/BufferMismatch
Event: 648.196 Loading class java/nio/BufferMismatch done
Event: 684.532 Loading class sun/nio/fs/WindowsFileCopy
Event: 684.532 Loading class sun/nio/fs/WindowsFileCopy done

Classes unloaded (7 events):
Event: 36.504 Thread 0x00000207eae65a20 Unloading class 0x00000207851a4800 'java/lang/invoke/LambdaForm$MH+0x00000207851a4800'
Event: 36.504 Thread 0x00000207eae65a20 Unloading class 0x00000207851a4400 'java/lang/invoke/LambdaForm$MH+0x00000207851a4400'
Event: 36.504 Thread 0x00000207eae65a20 Unloading class 0x00000207851a4000 'java/lang/invoke/LambdaForm$MH+0x00000207851a4000'
Event: 36.504 Thread 0x00000207eae65a20 Unloading class 0x00000207851a3c00 'java/lang/invoke/LambdaForm$MH+0x00000207851a3c00'
Event: 36.504 Thread 0x00000207eae65a20 Unloading class 0x00000207851a3800 'java/lang/invoke/LambdaForm$BMH+0x00000207851a3800'
Event: 36.504 Thread 0x00000207eae65a20 Unloading class 0x00000207851a3400 'java/lang/invoke/LambdaForm$DMH+0x00000207851a3400'
Event: 36.504 Thread 0x00000207eae65a20 Unloading class 0x00000207851a2000 'java/lang/invoke/LambdaForm$DMH+0x00000207851a2000'

Classes redefined (0 events):
No events

Internal exceptions (20 events):
Event: 54.178 Thread 0x00000207ff1e3ef0 Exception <a 'sun/nio/fs/WindowsException'{0x00000000d5905dd8}> (0x00000000d5905dd8) 
thrown [s\src\hotspot\share\prims\jni.cpp, line 520]
Event: 54.603 Thread 0x00000207cc04c9e0 Exception <a 'java/lang/IncompatibleClassChangeError'{0x00000000d5881fe0}: Found class java.lang.Object, but interface was expected> (0x00000000d5881fe0) 
thrown [s\src\hotspot\share\interpreter\linkResolver.cpp, line 840]
Event: 55.967 Thread 0x00000207cc04c9e0 Exception <a 'java/lang/NoSuchMethodError'{0x00000000d5a75e40}: 'int java.lang.invoke.Invokers$Holder.invokeExact_MT(java.lang.Object, java.lang.Object)'> (0x00000000d5a75e40) 
thrown [s\src\hotspot\share\interpreter\linkResolver.cpp, line 773]
Event: 336.887 Thread 0x00000207ff1e6650 Exception <a 'sun/nio/fs/WindowsException'{0x00000000d5672a98}> (0x00000000d5672a98) 
thrown [s\src\hotspot\share\prims\jni.cpp, line 520]
Event: 336.887 Thread 0x00000207ff1e6650 Exception <a 'sun/nio/fs/WindowsException'{0x00000000d5673820}> (0x00000000d5673820) 
thrown [s\src\hotspot\share\prims\jni.cpp, line 520]
Event: 336.888 Thread 0x00000207ff1e6650 Implicit null exception at 0x00000207f5f7c809 to 0x00000207f5f7cbd4
Event: 336.965 Thread 0x00000207ff1e6650 Exception <a 'java/lang/NoSuchMethodError'{0x00000000d5742fb8}: static [J.<clinit>()V> (0x00000000d5742fb8) 
thrown [s\src\hotspot\share\prims\jni.cpp, line 1111]
Event: 336.979 Thread 0x00000207ff1e6650 Exception <a 'java/lang/NoSuchMethodError'{0x00000000d5779280}: 'java.lang.Object java.lang.invoke.DirectMethodHandle$Holder.newInvokeSpecial(java.lang.Object, java.lang.Object, java.lang.Object, java.lang.Object, java.lang.Object, java.lang.Object, java.lang.Object, java.lang.Object)'> (0x00000000d5779280) 
thrown [s\src\hotspot\share\interpreter\linkResolver.cpp, line 773]
Event: 647.164 Thread 0x00000207cc051f30 Exception <a 'java/io/FileNotFoundException'{0x00000000d5b4e508}> (0x00000000d5b4e508) 
thrown [s\src\hotspot\share\prims\jni.cpp, line 520]
Event: 647.164 Thread 0x00000207cc051f30 Exception <a 'java/io/FileNotFoundException'{0x00000000d5b5d528}> (0x00000000d5b5d528) 
thrown [s\src\hotspot\share\prims\jni.cpp, line 520]
Event: 647.188 Thread 0x00000207ff1e52a0 Implicit null exception at 0x00000207f5f2b8e2 to 0x00000207f5f2bd50
Event: 647.919 Thread 0x00000207cc170b70 Exception <a 'java/lang/NoSuchMethodError'{0x00000000d5582140}: 'void java.lang.invoke.DirectMethodHandle$Holder.invokeVirtual(java.lang.Object, java.lang.Object, java.lang.Object, java.lang.Object, java.lang.Object)'> (0x00000000d5582140) 
thrown [s\src\hotspot\share\interpreter\linkResolver.cpp, line 773]
Event: 684.533 Thread 0x00000207ff1e52a0 Exception <a 'sun/nio/fs/WindowsException'{0x00000000d56c6e70}> (0x00000000d56c6e70) 
thrown [s\src\hotspot\share\prims\jni.cpp, line 520]
Event: 685.381 Thread 0x00000207ff1e52a0 Exception <a 'sun/nio/fs/WindowsException'{0x00000000d559b1d0}> (0x00000000d559b1d0) 
thrown [s\src\hotspot\share\prims\jni.cpp, line 520]
Event: 694.765 Thread 0x00000207ff1e52a0 Exception <a 'sun/nio/fs/WindowsException'{0x00000000d55f1660}> (0x00000000d55f1660) 
thrown [s\src\hotspot\share\prims\jni.cpp, line 520]
Event: 695.145 Thread 0x00000207cc171890 Exception <a 'sun/nio/fs/WindowsException'{0x00000000d5950e00}> (0x00000000d5950e00) 
thrown [s\src\hotspot\share\prims\jni.cpp, line 520]
Event: 695.507 Thread 0x00000207ff1e52a0 Exception <a 'sun/nio/fs/WindowsException'{0x00000000d598c7f0}> (0x00000000d598c7f0) 
thrown [s\src\hotspot\share\prims\jni.cpp, line 520]
Event: 947.177 Thread 0x00000207cc171890 Exception <a 'sun/nio/fs/WindowsException'{0x00000000d58bafb8}> (0x00000000d58bafb8) 
thrown [s\src\hotspot\share\prims\jni.cpp, line 520]
Event: 947.177 Thread 0x00000207cc171890 Exception <a 'sun/nio/fs/WindowsException'{0x00000000d58bbaa0}> (0x00000000d58bbaa0) 
thrown [s\src\hotspot\share\prims\jni.cpp, line 520]
Event: 947.180 Thread 0x00000207cc171890 Implicit null exception at 0x00000207f5bac478 to 0x00000207f5bacdf4

ZGC Phase Switch (0 events):
No events

VM Operations (20 events):
Event: 721.878 Executing non-safepoint VM operation: HandshakeAllThreads (HandshakeForDeflation)
Event: 721.878 Executing non-safepoint VM operation: HandshakeAllThreads (HandshakeForDeflation) done
Event: 721.878 Executing non-safepoint VM operation: RendezvousGCThreads
Event: 721.878 Executing non-safepoint VM operation: RendezvousGCThreads done
Event: 755.170 Executing safepoint VM operation: Cleanup
Event: 755.170 Executing safepoint VM operation: Cleanup done
Event: 947.731 Executing safepoint VM operation: Cleanup
Event: 947.731 Executing safepoint VM operation: Cleanup done
Event: 962.253 Executing non-safepoint VM operation: HandshakeAllThreads (HandshakeForDeflation)
Event: 962.253 Executing non-safepoint VM operation: HandshakeAllThreads (HandshakeForDeflation) done
Event: 962.253 Executing non-safepoint VM operation: RendezvousGCThreads
Event: 962.253 Executing non-safepoint VM operation: RendezvousGCThreads done
Event: 995.551 Executing safepoint VM operation: Cleanup
Event: 995.551 Executing safepoint VM operation: Cleanup done
Event: 1236.372 Executing safepoint VM operation: Cleanup
Event: 1236.372 Executing safepoint VM operation: Cleanup done
Event: 1263.045 Executing non-safepoint VM operation: HandshakeAllThreads (HandshakeForDeflation)
Event: 1263.045 Executing non-safepoint VM operation: HandshakeAllThreads (HandshakeForDeflation) done
Event: 1263.046 Executing non-safepoint VM operation: RendezvousGCThreads
Event: 1263.046 Executing non-safepoint VM operation: RendezvousGCThreads done

Memory protections (0 events):
No events

Nmethod flushes (20 events):
Event: 42.153 Thread 0x00000207eae65a20 flushing osr nmethod 0x00000207ee8b8390
Event: 42.153 Thread 0x00000207eae65a20 flushing  nmethod 0x00000207ee8cc210
Event: 42.153 Thread 0x00000207eae65a20 flushing  nmethod 0x00000207ee8e0d10
Event: 42.153 Thread 0x00000207eae65a20 flushing  nmethod 0x00000207ee8e1010
Event: 42.153 Thread 0x00000207eae65a20 flushing  nmethod 0x00000207ee8e7990
Event: 42.153 Thread 0x00000207eae65a20 flushing  nmethod 0x00000207ee8eb110
Event: 42.153 Thread 0x00000207eae65a20 flushing  nmethod 0x00000207ee8ec890
Event: 42.153 Thread 0x00000207eae65a20 flushing  nmethod 0x00000207ee8f9b10
Event: 42.153 Thread 0x00000207eae65a20 flushing  nmethod 0x00000207ee8fa490
Event: 42.153 Thread 0x00000207eae65a20 flushing  nmethod 0x00000207ee8fa810
Event: 42.154 Thread 0x00000207eae65a20 flushing  nmethod 0x00000207ee8fe310
Event: 42.154 Thread 0x00000207eae65a20 flushing  nmethod 0x00000207ee8fe890
Event: 42.154 Thread 0x00000207eae65a20 flushing  nmethod 0x00000207ee902590
Event: 42.154 Thread 0x00000207eae65a20 flushing osr nmethod 0x00000207ee910310
Event: 42.154 Thread 0x00000207eae65a20 flushing  nmethod 0x00000207ee933290
Event: 42.154 Thread 0x00000207eae65a20 flushing  nmethod 0x00000207ee93d710
Event: 42.154 Thread 0x00000207eae65a20 flushing  nmethod 0x00000207ee93f390
Event: 42.154 Thread 0x00000207eae65a20 flushing  nmethod 0x00000207ee972a90
Event: 42.154 Thread 0x00000207eae65a20 flushing  nmethod 0x00000207ee994f90
Event: 42.154 Thread 0x00000207eae65a20 flushing  nmethod 0x00000207ee9ba390

Events (20 events):
Event: 684.811 Thread 0x00000207ff1e6650 Thread added: 0x00000207cc1704e0
Event: 684.900 Thread 0x00000207ead4abf0 Thread added: 0x00000207ca8ae290
Event: 692.934 Thread 0x00000207ca8ae290 Thread exited: 0x00000207ca8ae290
Event: 694.920 Thread 0x00000207cc171890 Thread added: 0x00000207cc171200
Event: 695.295 Thread 0x00000207ead49800 Thread added: 0x00000207ca8ae290
Event: 696.412 Thread 0x00000207ca8ae290 Thread exited: 0x00000207ca8ae290
Event: 702.311 Thread 0x00000207ca8b0b70 Thread exited: 0x00000207ca8b0b70
Event: 755.155 Thread 0x00000207cc170b70 Thread exited: 0x00000207cc170b70
Event: 756.411 Thread 0x00000207ff1e3ef0 Thread exited: 0x00000207ff1e3ef0
Event: 947.174 Thread 0x00000207cc171890 Thread added: 0x00000207cc16eaa0
Event: 947.174 Thread 0x00000207cc16eaa0 Thread exited: 0x00000207cc16eaa0
Event: 947.178 Thread 0x00000207cc171890 Thread added: 0x00000207cc173ff0
Event: 947.179 Thread 0x00000207cc173ff0 Thread exited: 0x00000207cc173ff0
Event: 947.191 Thread 0x00000207ead4abf0 Thread added: 0x00000207ca8b0b70
Event: 947.203 Thread 0x00000207ead4abf0 Thread added: 0x00000207ca8ae290
Event: 947.323 Thread 0x00000207ca8ae290 Thread exited: 0x00000207ca8ae290
Event: 947.325 Thread 0x00000207ca8b0b70 Thread exited: 0x00000207ca8b0b70
Event: 947.470 Thread 0x00000207cc171f20 Thread exited: 0x00000207cc171f20
Event: 984.815 Thread 0x00000207cc1704e0 Thread exited: 0x00000207cc1704e0
Event: 994.930 Thread 0x00000207cc171200 Thread exited: 0x00000207cc171200


Dynamic libraries:
0x00007ff6a8920000 - 0x00007ff6a892e000 	c:\Users\Pc\.vscode\extensions\redhat.java-1.54.0-win32-x64\jre\21.0.10-win32-x86_64\bin\java.exe
0x00007ff8501f0000 - 0x00007ff8503e8000 	C:\Windows\SYSTEM32\ntdll.dll
0x00007ff84e340000 - 0x00007ff84e402000 	C:\Windows\System32\KERNEL32.DLL
0x00007ff84de90000 - 0x00007ff84e186000 	C:\Windows\System32\KERNELBASE.dll
0x00007ff8455a0000 - 0x00007ff845634000 	C:\Windows\SYSTEM32\apphelp.dll
0x00007ff84dcb0000 - 0x00007ff84ddb0000 	C:\Windows\System32\ucrtbase.dll
0x00007ff8345b0000 - 0x00007ff8345c8000 	c:\Users\Pc\.vscode\extensions\redhat.java-1.54.0-win32-x64\jre\21.0.10-win32-x86_64\bin\jli.dll
0x00007ff834390000 - 0x00007ff8343ae000 	c:\Users\Pc\.vscode\extensions\redhat.java-1.54.0-win32-x64\jre\21.0.10-win32-x86_64\bin\VCRUNTIME140.dll
0x00007ff84ea00000 - 0x00007ff84eba1000 	C:\Windows\System32\USER32.dll
0x00007ff84de60000 - 0x00007ff84de82000 	C:\Windows\System32\win32u.dll
0x00007ff83a580000 - 0x00007ff83a81b000 	C:\Windows\WinSxS\amd64_microsoft.windows.common-controls_6595b64144ccf1df_6.0.19041.6456_none_60b8a6cb71f64256\COMCTL32.dll
0x00007ff850180000 - 0x00007ff8501ab000 	C:\Windows\System32\GDI32.dll
0x00007ff84f2c0000 - 0x00007ff84f35e000 	C:\Windows\System32\msvcrt.dll
0x00007ff84d950000 - 0x00007ff84da69000 	C:\Windows\System32\gdi32full.dll
0x00007ff84d880000 - 0x00007ff84d91d000 	C:\Windows\System32\msvcp_win.dll
0x00007ff84e9d0000 - 0x00007ff84e9ff000 	C:\Windows\System32\IMM32.DLL
0x00007ff839660000 - 0x00007ff83966c000 	c:\Users\Pc\.vscode\extensions\redhat.java-1.54.0-win32-x64\jre\21.0.10-win32-x86_64\bin\vcruntime140_1.dll
0x00007ff833620000 - 0x00007ff8336ad000 	c:\Users\Pc\.vscode\extensions\redhat.java-1.54.0-win32-x64\jre\21.0.10-win32-x86_64\bin\msvcp140.dll
0x00007fffa6980000 - 0x00007fffa7721000 	c:\Users\Pc\.vscode\extensions\redhat.java-1.54.0-win32-x64\jre\21.0.10-win32-x86_64\bin\server\jvm.dll
0x00007ff8500c0000 - 0x00007ff850171000 	C:\Windows\System32\ADVAPI32.dll
0x00007ff84edb0000 - 0x00007ff84ee4f000 	C:\Windows\System32\sechost.dll
0x00007ff84ffa0000 - 0x00007ff8500c0000 	C:\Windows\System32\RPCRT4.dll
0x00007ff84d920000 - 0x00007ff84d947000 	C:\Windows\System32\bcrypt.dll
0x00007ff84e900000 - 0x00007ff84e96b000 	C:\Windows\System32\WS2_32.dll
0x00007ff84ce10000 - 0x00007ff84ce5b000 	C:\Windows\SYSTEM32\POWRPROF.dll
0x00007ff83b1b0000 - 0x00007ff83b1ba000 	C:\Windows\SYSTEM32\VERSION.dll
0x00007ff83a820000 - 0x00007ff83a847000 	C:\Windows\SYSTEM32\WINMM.dll
0x00007ff84cc80000 - 0x00007ff84cc92000 	C:\Windows\SYSTEM32\UMPDC.dll
0x00007ff84c090000 - 0x00007ff84c0a2000 	C:\Windows\SYSTEM32\kernel.appcore.dll
0x00007ff838190000 - 0x00007ff83819a000 	c:\Users\Pc\.vscode\extensions\redhat.java-1.54.0-win32-x64\jre\21.0.10-win32-x86_64\bin\jimage.dll
0x00007ff84b490000 - 0x00007ff84b691000 	C:\Windows\SYSTEM32\DBGHELP.DLL
0x00007ff838a40000 - 0x00007ff838a74000 	C:\Windows\SYSTEM32\dbgcore.DLL
0x00007ff84da70000 - 0x00007ff84daf2000 	C:\Windows\System32\bcryptPrimitives.dll
0x00007ff837fb0000 - 0x00007ff837fbf000 	c:\Users\Pc\.vscode\extensions\redhat.java-1.54.0-win32-x64\jre\21.0.10-win32-x86_64\bin\instrument.dll
0x00007ff834080000 - 0x00007ff8340a0000 	c:\Users\Pc\.vscode\extensions\redhat.java-1.54.0-win32-x64\jre\21.0.10-win32-x86_64\bin\java.dll
0x00007ff84f6c0000 - 0x00007ff84fe30000 	C:\Windows\System32\SHELL32.dll
0x00007ff84b8d0000 - 0x00007ff84c075000 	C:\Windows\SYSTEM32\windows.storage.dll
0x00007ff84f360000 - 0x00007ff84f6b4000 	C:\Windows\System32\combase.dll
0x00007ff84d2b0000 - 0x00007ff84d2db000 	C:\Windows\SYSTEM32\Wldp.dll
0x00007ff84e500000 - 0x00007ff84e5cd000 	C:\Windows\System32\OLEAUT32.dll
0x00007ff84e420000 - 0x00007ff84e4cd000 	C:\Windows\System32\SHCORE.dll
0x00007ff84e890000 - 0x00007ff84e8eb000 	C:\Windows\System32\shlwapi.dll
0x00007ff84d7b0000 - 0x00007ff84d7d4000 	C:\Windows\SYSTEM32\profapi.dll
0x00007ff833b80000 - 0x00007ff833b98000 	c:\Users\Pc\.vscode\extensions\redhat.java-1.54.0-win32-x64\jre\21.0.10-win32-x86_64\bin\zip.dll
0x00007ff837df0000 - 0x00007ff837e00000 	C:\Users\Pc\.vscode\extensions\redhat.java-1.54.0-win32-x64\jre\21.0.10-win32-x86_64\bin\net.dll
0x00007ff84a610000 - 0x00007ff84a71a000 	C:\Windows\SYSTEM32\WINHTTP.dll
0x00007ff84d010000 - 0x00007ff84d07a000 	C:\Windows\system32\mswsock.dll
0x00007ff833b60000 - 0x00007ff833b76000 	C:\Users\Pc\.vscode\extensions\redhat.java-1.54.0-win32-x64\jre\21.0.10-win32-x86_64\bin\nio.dll
0x00007ff837dd0000 - 0x00007ff837de0000 	c:\Users\Pc\.vscode\extensions\redhat.java-1.54.0-win32-x64\jre\21.0.10-win32-x86_64\bin\verify.dll
0x00007ff831fc0000 - 0x00007ff832005000 	C:\Users\Pc\AppData\Roaming\Code\User\globalStorage\redhat.java\1.54.0\config_win\org.eclipse.equinox.launcher\org.eclipse.equinox.launcher.win32.win32.x86_64_1.3.0.v20260203-2149\eclipse_11919.dll
0x00007ff84e210000 - 0x00007ff84e33b000 	C:\Windows\System32\ole32.dll
0x00007ff84d200000 - 0x00007ff84d218000 	C:\Windows\SYSTEM32\CRYPTSP.dll
0x00007ff84c8c0000 - 0x00007ff84c8f8000 	C:\Windows\system32\rsaenh.dll
0x00007ff84d730000 - 0x00007ff84d75e000 	C:\Windows\SYSTEM32\USERENV.dll
0x00007ff84d220000 - 0x00007ff84d22c000 	C:\Windows\SYSTEM32\CRYPTBASE.dll
0x00007ff84cca0000 - 0x00007ff84ccdb000 	C:\Windows\SYSTEM32\IPHLPAPI.DLL
0x00007ff84e4d0000 - 0x00007ff84e4d8000 	C:\Windows\System32\NSI.dll
0x00007ff831f70000 - 0x00007ff831fb9000 	C:\Users\Pc\AppData\Local\Temp\jna-2579\jna9038666574788251537.dll
0x00007ff84e410000 - 0x00007ff84e418000 	C:\Windows\System32\PSAPI.DLL
0x00007ff845a00000 - 0x00007ff845a17000 	C:\Windows\SYSTEM32\dhcpcsvc6.DLL
0x00007ff845900000 - 0x00007ff84591d000 	C:\Windows\SYSTEM32\dhcpcsvc.DLL
0x00007ff833560000 - 0x00007ff83356e000 	C:\Users\Pc\.vscode\extensions\redhat.java-1.54.0-win32-x64\jre\21.0.10-win32-x86_64\bin\sunmscapi.dll
0x00007ff84db50000 - 0x00007ff84dcad000 	C:\Windows\System32\CRYPT32.dll
0x00007ff84d320000 - 0x00007ff84d347000 	C:\Windows\SYSTEM32\ncrypt.dll
0x00007ff84d2e0000 - 0x00007ff84d31b000 	C:\Windows\SYSTEM32\NTASN1.dll
0x00007ff84cce0000 - 0x00007ff84cdaa000 	C:\Windows\SYSTEM32\DNSAPI.dll
0x00007ff8431f0000 - 0x00007ff8431fa000 	C:\Windows\System32\rasadhlp.dll
0x00007ff842760000 - 0x00007ff8427e0000 	C:\Windows\System32\fwpuclnt.dll
0x00007ff833550000 - 0x00007ff833559000 	C:\Users\Pc\.vscode\extensions\redhat.java-1.54.0-win32-x64\jre\21.0.10-win32-x86_64\bin\extnet.dll

JVMTI agents:
c:\Users\Pc\.vscode\extensions\redhat.java-1.54.0-win32-x64\lombok\lombok-1.18.39-4050.jar path:c:\Users\Pc\.vscode\extensions\redhat.java-1.54.0-win32-x64\jre\21.0.10-win32-x86_64\bin\instrument.dll, loaded, initialized, instrumentlib options:none

dbghelp: loaded successfully - version: 4.0.5 - missing functions: none
symbol engine: initialized successfully - sym options: 0x614 - pdb path: .;c:\Users\Pc\.vscode\extensions\redhat.java-1.54.0-win32-x64\jre\21.0.10-win32-x86_64\bin;C:\Windows\SYSTEM32;C:\Windows\WinSxS\amd64_microsoft.windows.common-controls_6595b64144ccf1df_6.0.19041.6456_none_60b8a6cb71f64256;c:\Users\Pc\.vscode\extensions\redhat.java-1.54.0-win32-x64\jre\21.0.10-win32-x86_64\bin\server;C:\Users\Pc\AppData\Roaming\Code\User\globalStorage\redhat.java\1.54.0\config_win\org.eclipse.equinox.launcher\org.eclipse.equinox.launcher.win32.win32.x86_64_1.3.0.v20260203-2149;C:\Users\Pc\AppData\Local\Temp\jna-2579

VM Arguments:
jvm_args: --add-modules=ALL-SYSTEM --add-opens=java.base/java.util=ALL-UNNAMED --add-opens=java.base/java.lang=ALL-UNNAMED --add-opens=java.base/sun.nio.fs=ALL-UNNAMED -Declipse.application=org.eclipse.jdt.ls.core.id1 -Dosgi.bundles.defaultStartLevel=4 -Declipse.product=org.eclipse.jdt.ls.core.product -Djava.import.generatesMetadataFilesAtProjectRoot=false -DDetectVMInstallationsJob.disabled=true -Dfile.encoding=utf8 -XX:+UseParallelGC -XX:GCTimeRatio=4 -XX:AdaptiveSizePolicyWeight=90 -Dsun.zip.disableMemoryMapping=true -Xmx2G -Xms100m -Xlog:disable -javaagent:c:\Users\Pc\.vscode\extensions\redhat.java-1.54.0-win32-x64\lombok\lombok-1.18.39-4050.jar -XX:+HeapDumpOnOutOfMemoryError -XX:HeapDumpPath=c:\Users\Pc\AppData\Roaming\Code\User\workspaceStorage\67bf8d0c3283009a26d18c27aa08f70d\redhat.java -Daether.dependencyCollector.impl=bf 
java_command: c:\Users\Pc\.vscode\extensions\redhat.java-1.54.0-win32-x64\server\plugins\org.eclipse.equinox.launcher_1.7.100.v20251111-0406.jar -configuration c:\Users\Pc\AppData\Roaming\Code\User\globalStorage\redhat.java\1.54.0\config_win -data c:\Users\Pc\AppData\Roaming\Code\User\workspaceStorage\67bf8d0c3283009a26d18c27aa08f70d\redhat.java\jdt_ws --pipe=\\.\pipe\lsp-ca594330ac8807f1411a2c5b4dc6a2c3-sock
java_class_path (initial): c:\Users\Pc\.vscode\extensions\redhat.java-1.54.0-win32-x64\server\plugins\org.eclipse.equinox.launcher_1.7.100.v20251111-0406.jar
Launcher Type: SUN_STANDARD

[Global flags]
    uintx AdaptiveSizePolicyWeight                 = 90                                        {product} {command line}
     intx CICompilerCount                          = 4                                         {product} {ergonomic}
    uintx GCTimeRatio                              = 4                                         {product} {command line}
     bool HeapDumpOnOutOfMemoryError               = true                                   {manageable} {command line}
    ccstr HeapDumpPath                             = c:\Users\Pc\AppData\Roaming\Code\User\workspaceStorage\67bf8d0c3283009a26d18c27aa08f70d\redhat.java         {manageable} {command line}
   size_t InitialHeapSize                          = 104857600                                 {product} {command line}
   size_t MaxHeapSize                              = 2147483648                                {product} {command line}
   size_t MaxNewSize                               = 715653120                                 {product} {ergonomic}
   size_t MinHeapDeltaBytes                        = 524288                                    {product} {ergonomic}
   size_t MinHeapSize                              = 104857600                                 {product} {command line}
   size_t NewSize                                  = 34603008                                  {product} {ergonomic}
    uintx NonNMethodCodeHeapSize                   = 5839372                                {pd product} {ergonomic}
    uintx NonProfiledCodeHeapSize                  = 122909434                              {pd product} {ergonomic}
   size_t OldSize                                  = 70254592                                  {product} {ergonomic}
    uintx ProfiledCodeHeapSize                     = 122909434                              {pd product} {ergonomic}
    uintx ReservedCodeCacheSize                    = 251658240                              {pd product} {ergonomic}
     bool SegmentedCodeCache                       = true                                      {product} {ergonomic}
   size_t SoftMaxHeapSize                          = 2147483648                             {manageable} {ergonomic}
     bool UseCompressedOops                        = true                           {product lp64_product} {ergonomic}
     bool UseLargePagesIndividualAllocation        = false                                  {pd product} {ergonomic}
     bool UseParallelGC                            = true                                      {product} {command line}

Logging:
Log output configuration:
 #0: stdout all=off uptime,level,tags foldmultilines=false
 #1: stderr all=off uptime,level,tags foldmultilines=false

Release file:
JAVA_VERSION="21.0.10" 
MODULES="java.base java.compiler java.datatransfer java.xml java.prefs java.desktop java.instrument java.logging java.management java.security.sasl java.naming java.rmi java.management.rmi java.net.http java.scripting java.security.jgss java.transaction.xa java.sql java.sql.rowset java.xml.crypto java.se java.smartcardio jdk.accessibility jdk.internal.jvmstat jdk.attach jdk.charsets jdk.internal.opt jdk.zipfs jdk.compiler jdk.crypto.ec jdk.crypto.cryptoki jdk.crypto.mscapi jdk.dynalink jdk.internal.ed jdk.editpad jdk.hotspot.agent jdk.httpserver jdk.internal.le jdk.internal.vm.ci jdk.internal.vm.compiler jdk.internal.vm.compiler.management jdk.jartool jdk.javadoc jdk.jcmd jdk.management jdk.management.agent jdk.jconsole jdk.jdeps jdk.jdwp.agent jdk.jdi jdk.jfr jdk.jshell jdk.jsobject jdk.jstatd jdk.localedata jdk.management.jfr jdk.naming.dns jdk.naming.rmi jdk.net jdk.nio.mapmode jdk.random jdk.sctp jdk.security.auth jdk.security.jgss jdk.unsupported jdk.unsupported.desktop jdk.xml.dom" 

Environment Variables:
JAVA_HOME=C:\Program Files\jdk-24.0.1
PATH=C:\Program Files (x86)\VMware\VMware Workstation\bin\;C:\Windows\system32;C:\Windows;C:\Windows\System32\Wbem;C:\Windows\System32\WindowsPowerShell\v1.0\;C:\Windows\System32\OpenSSH\;C:\Program Files\Intel\WiFi\bin\;C:\Program Files\Common Files\Intel\WirelessCommon\;C:\Program Files (x86)\Microsoft SQL Server\160\Tools\Binn\;C:\Program Files\Microsoft SQL Server\160\Tools\Binn\;C:\Program Files\Microsoft SQL Server\Client SDK\ODBC\170\Tools\Binn\;C:\Program Files\Microsoft SQL Server\160\DTS\Binn\;C:\Program Files (x86)\Microsoft SQL Server\160\DTS\Binn\;C:\Program Files\dotnet\;C:\Program Files\Microsoft SQL Server\150\Tools\Binn\;C:\Program Files\Microsoft SQL Server\130\DTS\Binn\;C:\Program Files\Microsoft SQL Server\140\DTS\Binn\;C:\Program Files\Microsoft SQL Server\150\DTS\Binn\;C:\Program Files\Git\cmd;C:\Program Files\Kubernetes\Minikube\minikube.exe;C:\Program Files\Kubernetes\Minikube;C:\Program Files\Kubernetes\;C:\Program Files\Kubernetes\Minikube\kubectl.exe;C:\Program Files\nodejs\;C:\Program Files\MySQL\MySQL Shell 8.0\bin\;C:\Users\Pc\AppData\Local\Programs\Python\Python313\Scripts\;C:\Users\Pc\AppData\Local\Programs\Python\Python313\;C:\Users\Pc\AppData\Local\Programs\Python\Launcher\;C:\Users\Pc\AppData\Local\Microsoft\WindowsApps;C:\Users\Pc\AppData\Local\Programs\Microsoft VS Code\bin;C:\Users\Pc\.dotnet\tools;C:\mingw-w64-v11.0.0?\mingw-64\bin;C:\msys64\ucrt64\bin;C:\Program Files\JetBrains\IntelliJ IDEA 2024.1\bin;C:\Program Files\jdk-24.0.1\bin;C:\Program Files\Kubernetes\Minikube;C:\Program Files\Kubernetes\;C:\Users\Pc\AppData\Local\gitkraken\bin;C:\Program Files\JetBrains\IntelliJ IDEA 2023.1.3\bin;;C:\Program Files\MySQL\MySQL Server 8.0\bin;C:\Users\Pc\AppData\Roaming\npm
USERNAME=Pc
OS=Windows_NT
PROCESSOR_IDENTIFIER=Intel64 Family 6 Model 142 Stepping 10, GenuineIntel
TMP=C:\Users\Pc\AppData\Local\Temp
TEMP=C:\Users\Pc\AppData\Local\Temp




Periodic native trim disabled

---------------  S Y S T E M  ---------------

OS:
 Windows 10 , 64 bit Build 19041 (10.0.19041.5915)
OS uptime: 9 days 20:38 hours

CPU: total 8 (initial active 8) (4 cores per cpu, 2 threads per core) family 6 model 142 stepping 10 microcode 0xf0, cx8, cmov, fxsr, ht, mmx, 3dnowpref, sse, sse2, sse3, ssse3, sse4.1, sse4.2, popcnt, lzcnt, tsc, tscinvbit, avx, avx2, aes, erms, clmul, bmi1, bmi2, adx, fma, vzeroupper, clflush, clflushopt, rdtscp, f16c
Processor Information for the first 8 processors :
  Max Mhz: 1801, Current Mhz: 1801, Mhz Limit: 1801

Memory: 4k page, system-wide physical 16243M (369M free)
TotalPageFile size 42600M (AvailPageFile size 7M)
current process WorkingSet (physical memory assigned to process): 354M, peak: 581M
current process commit charge ("private bytes"): 611M, peak: 654M

vm_info: OpenJDK 64-Bit Server VM (21.0.10+7-LTS) for windows-amd64 JRE (21.0.10+7-LTS), built on 2026-01-20T00:00:00Z by "admin" with MS VC++ 17.12 (VS2022)

END.
